Running: fuse.exe -relaunch -intstyle "ise" -incremental -lib "secureip" -o "C:/Users/japem/Documents/VHDL/enkeltPLC/TestBench_isim_beh.exe" -prj "C:/Users/japem/Documents/VHDL/enkeltPLC/TestBench_beh.prj" "work.TestBench" 
ISim P.20131013 (signature 0x7708f090)
Number of CPUs detected in this system: 4
Turning on mult-threading, number of parallel sub-compilation jobs: 8 
Determining compilation order of HDL files
Parsing VHDL file "C:/Users/japem/Documents/VHDL/enkeltPLC/PLC.vhd" into library work
Parsing VHDL file "C:/Users/japem/Documents/VHDL/enkeltPLC/TestBench.vhd" into library work
Starting static elaboration
Completed static elaboration
Compiling package standard
Compiling package std_logic_1164
Compiling package std_logic_arith
Compiling package std_logic_unsigned
Compiling architecture behavioral of entity PLC [plc_default]
Compiling architecture behavior of entity testbench
Time Resolution for simulation is 1ps.
Waiting for 1 sub-compilation(s) to finish...
Compiled 7 VHDL Units
Built simulation executable C:/Users/japem/Documents/VHDL/enkeltPLC/TestBench_isim_beh.exe
Fuse Memory Usage: 34080 KB
Fuse CPU Usage: 421 ms
