Release 14.7 - xst P.20131013 (nt64)
Copyright (c) 1995-2013 Xilinx, Inc.  All rights reserved.
--> Parameter TMPDIR set to xst/projnav.tmp


Total REAL time to Xst completion: 0.00 secs
Total CPU time to Xst completion: 0.11 secs
 
--> Parameter xsthdpdir set to xst


Total REAL time to Xst completion: 0.00 secs
Total CPU time to Xst completion: 0.11 secs
 
--> Reading design: PLC.prj

TABLE OF CONTENTS
  1) Synthesis Options Summary
  2) HDL Parsing
  3) HDL Elaboration
  4) HDL Synthesis
       4.1) HDL Synthesis Report
  5) Advanced HDL Synthesis
       5.1) Advanced HDL Synthesis Report
  6) Low Level Synthesis
  7) Partition Report
  8) Design Summary
       8.1) Primitive and Black Box Usage
       8.2) Device utilization summary
       8.3) Partition Resource Summary
       8.4) Timing Report
            8.4.1) Clock Information
            8.4.2) Asynchronous Control Signals Information
            8.4.3) Timing Summary
            8.4.4) Timing Details
            8.4.5) Cross Clock Domains Report


=========================================================================
*                      Synthesis Options Summary                        *
=========================================================================
---- Source Parameters
Input File Name                    : "PLC.prj"
Ignore Synthesis Constraint File   : NO

---- Target Parameters
Output File Name                   : "PLC"
Output Format                      : NGC
Target Device                      : xc6slx9-2-tqg144

---- Source Options
Top Module Name                    : PLC
Automatic FSM Extraction           : YES
FSM Encoding Algorithm             : Auto
Safe Implementation                : No
FSM Style                          : LUT
RAM Extraction                     : Yes
RAM Style                          : Auto
ROM Extraction                     : Yes
Shift Register Extraction          : YES
ROM Style                          : Auto
Resource Sharing                   : YES
Asynchronous To Synchronous        : NO
Shift Register Minimum Size        : 2
Use DSP Block                      : Auto
Automatic Register Balancing       : No

---- Target Options
LUT Combining                      : Auto
Reduce Control Sets                : Auto
Add IO Buffers                     : YES
Global Maximum Fanout              : 100000
Add Generic Clock Buffer(BUFG)     : 16
Register Duplication               : YES
Optimize Instantiated Primitives   : NO
Use Clock Enable                   : Auto
Use Synchronous Set                : Auto
Use Synchronous Reset              : Auto
Pack IO Registers into IOBs        : Auto
Equivalent register Removal        : YES

---- General Options
Optimization Goal                  : Speed
Optimization Effort                : 1
Power Reduction                    : NO
Keep Hierarchy                     : No
Netlist Hierarchy                  : As_Optimized
RTL Output                         : Yes
Global Optimization                : AllClockNets
Read Cores                         : YES
Write Timing Constraints           : NO
Cross Clock Analysis               : NO
Hierarchy Separator                : /
Bus Delimiter                      : <>
Case Specifier                     : Maintain
Slice Utilization Ratio            : 100
BRAM Utilization Ratio             : 100
DSP48 Utilization Ratio            : 100
Auto BRAM Packing                  : NO
Slice Utilization Ratio Delta      : 5

=========================================================================


=========================================================================
*                          HDL Parsing                                  *
=========================================================================
Parsing VHDL file "C:\Users\japem\Documents\VHDL\enkeltPLC\PLC.vhd" into library work
Parsing entity <PLC>.
Parsing architecture <Behavioral> of entity <plc>.

=========================================================================
*                            HDL Elaboration                            *
=========================================================================

Elaborating entity <PLC> (architecture <Behavioral>) from library <work>.

=========================================================================
*                           HDL Synthesis                               *
=========================================================================

Synthesizing Unit <PLC>.
    Related source file is "C:\Users\japem\Documents\VHDL\enkeltPLC\PLC.vhd".
WARNING:Xst:2999 - Signal 'PROG', unconnected in block 'PLC', is tied to its initial value.
    Found 8-bit register for signal <LED>.
    Found 6-bit register for signal <PC>.
    Found 6-bit adder for signal <PC[5]_GND_5_o_add_2_OUT> created at line 71.
    Found 6-bit adder for signal <PC[5]_GND_5_o_add_13_OUT> created at line 77.
    Found 6-bit adder for signal <PC[5]_GND_5_o_add_16_OUT> created at line 78.
    Found 64x8-bit dual-port Read Only RAM <Mram_PROG> for signal <PROG>.
    Found 1-bit 8-to-1 multiplexer for signal <BUS_0036_SW[7]_Mux_12_o> created at line 77.
    Summary:
	inferred   2 RAM(s).
	inferred   3 Adder/Subtractor(s).
	inferred  14 D-type flip-flop(s).
	inferred  34 Multiplexer(s).
Unit <PLC> synthesized.

=========================================================================
HDL Synthesis Report

Macro Statistics
# RAMs                                                 : 2
 64x8-bit dual-port Read Only RAM                      : 1
 64x8-bit single-port Read Only RAM                    : 1
# Adders/Subtractors                                   : 3
 6-bit adder                                           : 3
# Registers                                            : 2
 6-bit register                                        : 1
 8-bit register                                        : 1
# Multiplexers                                         : 34
 1-bit 2-to-1 multiplexer                              : 24
 1-bit 8-to-1 multiplexer                              : 1
 6-bit 2-to-1 multiplexer                              : 7
 8-bit 2-to-1 multiplexer                              : 2

=========================================================================

=========================================================================
*                       Advanced HDL Synthesis                          *
=========================================================================


Synthesizing (advanced) Unit <PLC>.
INFO:Xst:3231 - The small RAM <Mram_PROG> will be implemented on LUTs in order to maximize performance and save block RAM resources. If you want to force its implementation on block, use option/constraint ram_style.
    -----------------------------------------------------------------------
    | ram_type           | Distributed                         |          |
    -----------------------------------------------------------------------
    | Port A                                                              |
    |     aspect ratio   | 64-word x 8-bit                     |          |
    |     weA            | connected to signal <GND>           | high     |
    |     addrA          | connected to signal <PC>            |          |
    |     diA            | connected to signal <GND>           |          |
    |     doA            | connected to internal node          |          |
    -----------------------------------------------------------------------
    | Port B                                                              |
    |     aspect ratio   | 64-word x 8-bit                     |          |
    |     addrB          | connected to signal <PC[5]_GND_5_o_add_2_OUT> |          |
    |     doB            | connected to internal node          |          |
    -----------------------------------------------------------------------
INFO:Xst:3218 - HDL ADVISOR - The RAM <Mram_PROG1> will be implemented on LUTs either because you have described an asynchronous read or because of currently unsupported block RAM features. If you have described an asynchronous read, making it synchronous would allow you to take advantage of available block RAM resources, for optimized device usage and improved timings. Please refer to your documentation for coding guidelines.
    -----------------------------------------------------------------------
    | ram_type           | Distributed                         |          |
    -----------------------------------------------------------------------
    | Port A                                                              |
    |     aspect ratio   | 64-word x 8-bit                     |          |
    |     weA            | connected to signal <GND>           | high     |
    |     addrA          | connected to signal <PC[5]_GND_5_o_add_13_OUT> |          |
    |     diA            | connected to signal <GND>           |          |
    |     doA            | connected to internal node          |          |
    -----------------------------------------------------------------------
Unit <PLC> synthesized (advanced).

=========================================================================
Advanced HDL Synthesis Report

Macro Statistics
# RAMs                                                 : 2
 64x8-bit dual-port distributed Read Only RAM          : 1
 64x8-bit single-port distributed Read Only RAM        : 1
# Adders/Subtractors                                   : 3
 6-bit adder                                           : 3
# Registers                                            : 14
 Flip-Flops                                            : 14
# Multiplexers                                         : 34
 1-bit 2-to-1 multiplexer                              : 24
 1-bit 8-to-1 multiplexer                              : 1
 6-bit 2-to-1 multiplexer                              : 7
 8-bit 2-to-1 multiplexer                              : 2

=========================================================================

=========================================================================
*                         Low Level Synthesis                           *
=========================================================================

Optimizing unit <PLC> ...
INFO:Xst:2399 - RAMs <Mram_PROG4>, <Mram_PROG5> are equivalent, second RAM is removed
INFO:Xst:2399 - RAMs <Mram_PROG4>, <Mram_PROG6> are equivalent, second RAM is removed
INFO:Xst:2399 - RAMs <Mram_PROG4>, <Mram_PROG7> are equivalent, second RAM is removed
INFO:Xst:2399 - RAMs <Mram_PROG8>, <Mram_PROG9> are equivalent, second RAM is removed

Mapping all equations...
Building and optimizing final netlist ...
Found area constraint ratio of 100 (+ 5) on block PLC, actual ratio is 1.

Final Macro Processing ...

=========================================================================
Final Register Report

Macro Statistics
# Registers                                            : 14
 Flip-Flops                                            : 14

=========================================================================

=========================================================================
*                           Partition Report                            *
=========================================================================

Partition Implementation Status
-------------------------------

  No Partitions were found in this design.

-------------------------------

=========================================================================
*                            Design Summary                             *
=========================================================================

Top Level Output File Name         : PLC.ngc

Primitive and Black Box Usage:
------------------------------
# BELS                             : 58
#      GND                         : 1
#      INV                         : 2
#      LUT2                        : 4
#      LUT3                        : 4
#      LUT4                        : 6
#      LUT5                        : 4
#      LUT6                        : 34
#      MUXF7                       : 2
#      VCC                         : 1
# FlipFlops/Latches                : 14
#      FD                          : 6
#      FDE                         : 8
# RAMS                             : 4
#      RAM64X1D                    : 4
# Clock Buffers                    : 1
#      BUFGP                       : 1
# IO Buffers                       : 16
#      IBUF                        : 8
#      OBUF                        : 8

Device utilization summary:
---------------------------

Selected Device : 6slx9tqg144-2 


Slice Logic Utilization: 
 Number of Slice Registers:              14  out of  11440     0%  
 Number of Slice LUTs:                   62  out of   5720     1%  
    Number used as Logic:                54  out of   5720     0%  
    Number used as Memory:                8  out of   1440     0%  
       Number used as RAM:                8

Slice Logic Distribution: 
 Number of LUT Flip Flop pairs used:     62
   Number with an unused Flip Flop:      48  out of     62    77%  
   Number with an unused LUT:             0  out of     62     0%  
   Number of fully used LUT-FF pairs:    14  out of     62    22%  
   Number of unique control sets:         2

IO Utilization: 
 Number of IOs:                          17
 Number of bonded IOBs:                  17  out of    102    16%  

Specific Feature Utilization:
 Number of BUFG/BUFGCTRLs:                1  out of     16     6%  

---------------------------
Partition Resource Summary:
---------------------------

  No Partitions were found in this design.

---------------------------


=========================================================================
Timing Report

NOTE: THESE TIMING NUMBERS ARE ONLY A SYNTHESIS ESTIMATE.
      FOR ACCURATE TIMING INFORMATION PLEASE REFER TO THE TRACE REPORT
      GENERATED AFTER PLACE-and-ROUTE.

Clock Information:
------------------
-----------------------------------+------------------------+-------+
Clock Signal                       | Clock buffer(FF name)  | Load  |
-----------------------------------+------------------------+-------+
CLK                                | BUFGP                  | 14    |
N28                                | NONE(Mram_PROG8)       | 4     |
-----------------------------------+------------------------+-------+
INFO:Xst:2169 - HDL ADVISOR - Some clock signals were not automatically buffered by XST with BUFG/BUFR resources. Please use the buffer_type constraint in order to insert these buffers to the clock signals to help prevent skew problems.

Asynchronous Control Signals Information:
----------------------------------------
No asynchronous control signals found in this design

Timing Summary:
---------------
Speed Grade: -2

   Minimum period: 6.337ns (Maximum Frequency: 157.803MHz)
   Minimum input arrival time before clock: 4.026ns
   Maximum output required time after clock: 4.240ns
   Maximum combinational path delay: No path found

Timing Details:
---------------
All values displayed in nanoseconds (ns)

=========================================================================
Timing constraint: Default period analysis for Clock 'CLK'
  Clock period: 6.337ns (frequency: 157.803MHz)
  Total number of paths / destination ports: 2730 / 22
-------------------------------------------------------------------------
Delay:               6.337ns (Levels of Logic = 4)
  Source:            PC_4 (FF)
  Destination:       LED_0 (FF)
  Source Clock:      CLK rising
  Destination Clock: CLK rising

  Data Path: PC_4 to LED_0
                                Gate     Net
    Cell:in->out      fanout   Delay   Delay  Logical Name (Net Name)
    ----------------------------------------  ------------
     FD:C->Q              10   0.525   1.438  PC_4 (PC_4)
     LUT6:I1->O            6   0.254   0.875  Madd_PC[5]_GND_5_o_add_2_OUT_xor<5>11 (PC[5]_GND_5_o_add_2_OUT<5>)
     RAM64X1D:DPRA5->DPO   19   0.235   1.489  Mram_PROG2 (n0053<0>)
     LUT6:I3->O            1   0.235   0.958  Mmux__n010345_SW0 (N20)
     LUT6:I2->O            1   0.254   0.000  Mmux__n010345 (_n0103<3>)
     FDE:D                     0.074          LED_3
    ----------------------------------------
    Total                      6.337ns (1.577ns logic, 4.760ns route)
                                       (24.9% logic, 75.1% route)

=========================================================================
Timing constraint: Default OFFSET IN BEFORE for Clock 'CLK'
  Total number of paths / destination ports: 32 / 4
-------------------------------------------------------------------------
Offset:              4.026ns (Levels of Logic = 4)
  Source:            SW<4> (PAD)
  Destination:       LED_0 (FF)
  Destination Clock: CLK rising

  Data Path: SW<4> to LED_0
                                Gate     Net
    Cell:in->out      fanout   Delay   Delay  Logical Name (Net Name)
    ----------------------------------------  ------------
     IBUF:I->O             1   1.328   1.137  SW_4_IBUF (SW_4_IBUF)
     LUT6:I0->O            1   0.254   0.000  Mmux_BUS_0036_SW[7]_Mux_12_o_3 (Mmux_BUS_0036_SW[7]_Mux_12_o_3)
     MUXF7:I1->O           4   0.175   0.804  Mmux_BUS_0036_SW[7]_Mux_12_o_2_f7 (BUS_0036_SW[7]_Mux_12_o)
     LUT6:I5->O            1   0.254   0.000  Mmux__n010315 (_n0103<0>)
     FDE:D                     0.074          LED_0
    ----------------------------------------
    Total                      4.026ns (2.085ns logic, 1.941ns route)
                                       (51.8% logic, 48.2% route)

=========================================================================
Timing constraint: Default OFFSET OUT AFTER for Clock 'CLK'
  Total number of paths / destination ports: 8 / 8
-------------------------------------------------------------------------
Offset:              4.240ns (Levels of Logic = 1)
  Source:            LED_3 (FF)
  Destination:       LED<3> (PAD)
  Source Clock:      CLK rising

  Data Path: LED_3 to LED<3>
                                Gate     Net
    Cell:in->out      fanout   Delay   Delay  Logical Name (Net Name)
    ----------------------------------------  ------------
     FDE:C->Q              4   0.525   0.803  LED_3 (LED_3)
     OBUF:I->O                 2.912          LED_3_OBUF (LED<3>)
    ----------------------------------------
    Total                      4.240ns (3.437ns logic, 0.803ns route)
                                       (81.1% logic, 18.9% route)

=========================================================================

Cross Clock Domains Report:
--------------------------

Clock to Setup on destination clock CLK
---------------+---------+---------+---------+---------+
               | Src:Rise| Src:Fall| Src:Rise| Src:Fall|
Source Clock   |Dest:Rise|Dest:Rise|Dest:Fall|Dest:Fall|
---------------+---------+---------+---------+---------+
CLK            |    6.337|         |         |         |
N28            |    5.011|         |         |         |
---------------+---------+---------+---------+---------+

Clock to Setup on destination clock N28
---------------+---------+---------+---------+---------+
               | Src:Rise| Src:Fall| Src:Rise| Src:Fall|
Source Clock   |Dest:Rise|Dest:Rise|Dest:Fall|Dest:Fall|
---------------+---------+---------+---------+---------+
CLK            |    3.405|         |         |         |
---------------+---------+---------+---------+---------+

=========================================================================


Total REAL time to Xst completion: 7.00 secs
Total CPU time to Xst completion: 7.50 secs
 
--> 

Total memory usage is 4494016 kilobytes

Number of errors   :    0 (   0 filtered)
Number of warnings :    1 (   0 filtered)
Number of infos    :    7 (   0 filtered)

